2019-02-11 20:52:46 DEBUG (MainThread) [homeassistant.core] Bus:Handling <Event service_registered[L]: domain=logger, service=set_default_level>
2019-02-11 20:52:46 DEBUG (MainThread) [homeassistant.core] Bus:Handling <Event service_registered[L]: domain=logger, service=set_level>
2019-02-11 20:52:46 INFO (MainThread) [homeassistant.setup] Setup of domain logger took 0.0 seconds.
2019-02-11 20:52:46 DEBUG (MainThread) [homeassistant.core] Bus:Handling <Event component_loaded[L]: component=logger>
2019-02-11 20:52:46 INFO (MainThread) [homeassistant.loader] Loaded introduction from homeassistant.components.introduction
2019-02-11 20:52:46 INFO (MainThread) [homeassistant.setup] Setting up introduction
2019-02-11 20:52:46 INFO (MainThread) [homeassistant.components.introduction] 

    ~~~~~~~~~~~~~~~~~~~~~~~~~~~~~~~~~~~~~~~~~~~~~~~~~~~~~~~~~~~~~~~~~~~~~~~~~~~

        Hello, and welcome to Home Assistant!

        We'll hope that we can make all your dreams come true.

        Here are some resources to get started:

         - Configuring Home Assistant:
           https://home-assistant.io/getting-started/configuration/

         - Available components:
           https://home-assistant.io/components/

         - Troubleshooting your configuration:
           https://home-assistant.io/getting-started/troubleshooting-configuration/

         - Getting help:
           https://home-assistant.io/help/

        This message is generated by the introduction component. You can
        disable it in configuration.yaml.

    ~~~~~~~~~~~~~~~~~~~~~~~~~~~~~~~~~~~~~~~~~~~~~~~~~~~~~~~~~~~~~~~~~~~~~~~~~~~
    
2019-02-11 20:52:46 INFO (MainThread) [homeassistant.loader] Loaded persistent_notification from homeassistant.components.persistent_notification
2019-02-11 20:52:46 INFO (MainThread) [homeassistant.setup] Setup of domain introduction took 0.0 seconds.
2019-02-11 20:52:46 DEBUG (MainThread) [homeassistant.core] Bus:Handling <Event component_loaded[L]: component=introduction>
2019-02-11 20:52:46 INFO (MainThread) [homeassistant.loader] Loaded frontend from homeassistant.components.frontend
2019-02-11 20:52:46 INFO (MainThread) [homeassistant.loader] Loaded api from homeassistant.components.api
2019-02-11 20:52:46 INFO (MainThread) [homeassistant.loader] Loaded http from homeassistant.components.http
2019-02-11 20:52:46 INFO (MainThread) [homeassistant.loader] Loaded system_log from homeassistant.components.system_log
2019-02-11 20:52:46 INFO (MainThread) [homeassistant.loader] Loaded auth from homeassistant.components.auth
2019-02-11 20:52:46 INFO (MainThread) [homeassistant.loader] Loaded onboarding from homeassistant.components.onboarding
2019-02-11 20:52:46 INFO (MainThread) [homeassistant.loader] Loaded lovelace from homeassistant.components.lovelace
2019-02-11 20:52:46 INFO (MainThread) [homeassistant.loader] Loaded history from homeassistant.components.history
2019-02-11 20:52:46 INFO (MainThread) [homeassistant.loader] Loaded recorder from homeassistant.components.recorder
2019-02-11 20:52:46 DEBUG (MainThread) [homeassistant.core] Bus:Handling <Event call_service[L]: domain=persistent_notification, service=create, service_data=title=Welcome Home!, message=
Here are some resources to get started:

 - [Configuring Home Assistant](https://home-assistant.io/getting-started/configuration/)
 - [Available components](https://home-assistant.io/components/)
 - [Troubleshooting your configuration](https://home-assistant.io/docs/configuration/troubleshooting/)
 - [Getting help](https://home-assistant.io/help/)

To not see this card popup in the future, edit your config in
`configuration.yaml` and disable the `introduction` component.
>
2019-02-11 20:52:46 DEBUG (MainThread) [homeassistant.core] Bus:Handling <Event state_changed[L]: entity_id=persistent_notification.notification, old_state=None, new_state=<state persistent_notification.notification=notifying; title=Welcome Home!, message=Here are some resources to get started:

 - [Configuring Home Assistant](https://home-assistant.io/getting-started/configuration/)
 - [Available components](https://home-assistant.io/components/)
 - [Troubleshooting your configuration](https://home-assistant.io/docs/configuration/troubleshooting/)
 - [Getting help](https://home-assistant.io/help/)

To not see this card popup in the future, edit your config in
`configuration.yaml` and disable the `introduction` component. @ 2019-02-11T20:52:46.502075+01:00>>
2019-02-11 20:52:46 DEBUG (MainThread) [homeassistant.core] Bus:Handling <Event persistent_notifications_updated[L]>
2019-02-11 20:52:46 INFO (MainThread) [homeassistant.setup] Setting up http
2019-02-11 20:52:46 INFO (MainThread) [homeassistant.setup] Setup of domain http took 0.0 seconds.
2019-02-11 20:52:46 DEBUG (MainThread) [homeassistant.core] Bus:Handling <Event component_loaded[L]: component=http>
2019-02-11 20:52:46 INFO (MainThread) [homeassistant.setup] Setting up lovelace
2019-02-11 20:52:46 INFO (MainThread) [homeassistant.setup] Setup of domain lovelace took 0.0 seconds.
2019-02-11 20:52:46 DEBUG (MainThread) [homeassistant.core] Bus:Handling <Event component_loaded[L]: component=lovelace>
2019-02-11 20:52:46 INFO (MainThread) [homeassistant.setup] Setting up recorder
2019-02-11 20:52:46 DEBUG (MainThread) [homeassistant.core] Bus:Handling <Event service_registered[L]: domain=recorder, service=purge>
2019-02-11 20:52:46 INFO (MainThread) [homeassistant.setup] Setting up websocket_api
2019-02-11 20:52:46 INFO (MainThread) [homeassistant.setup] Setup of domain websocket_api took 0.0 seconds.
2019-02-11 20:52:46 DEBUG (MainThread) [homeassistant.core] Bus:Handling <Event component_loaded[L]: component=websocket_api>
2019-02-11 20:52:46 INFO (MainThread) [homeassistant.setup] Setting up system_log
2019-02-11 20:52:46 DEBUG (MainThread) [homeassistant.core] Bus:Handling <Event service_registered[L]: domain=system_log, service=clear>
2019-02-11 20:52:46 DEBUG (MainThread) [homeassistant.core] Bus:Handling <Event service_registered[L]: domain=system_log, service=write>
2019-02-11 20:52:46 INFO (MainThread) [homeassistant.setup] Setup of domain system_log took 0.0 seconds.
2019-02-11 20:52:46 DEBUG (MainThread) [homeassistant.core] Bus:Handling <Event component_loaded[L]: component=system_log>
2019-02-11 20:52:46 INFO (MainThread) [homeassistant.setup] Setting up auth
2019-02-11 20:52:46 INFO (MainThread) [homeassistant.setup] Setup of domain auth took 0.0 seconds.
2019-02-11 20:52:46 DEBUG (MainThread) [homeassistant.core] Bus:Handling <Event component_loaded[L]: component=auth>
2019-02-11 20:52:46 INFO (MainThread) [homeassistant.setup] Setting up onboarding
2019-02-11 20:52:46 INFO (MainThread) [homeassistant.setup] Setting up api
2019-02-11 20:52:46 INFO (MainThread) [homeassistant.setup] Setup of domain api took 0.0 seconds.
2019-02-11 20:52:46 DEBUG (SyncWorker_1) [homeassistant.util.json] JSON file not found: /config/.storage/onboarding
2019-02-11 20:52:46 DEBUG (MainThread) [homeassistant.core] Bus:Handling <Event component_loaded[L]: component=api>
2019-02-11 20:52:46 DEBUG (SyncWorker_3) [homeassistant.util.json] JSON file not found: /config/.storage/auth
2019-02-11 20:52:46 DEBUG (SyncWorker_4) [homeassistant.util.json] JSON file not found: /config/.storage/core.entity_registry
2019-02-11 20:52:46 INFO (MainThread) [homeassistant.setup] Setup of domain onboarding took 0.0 seconds.
2019-02-11 20:52:46 DEBUG (MainThread) [homeassistant.core] Bus:Handling <Event component_loaded[L]: component=onboarding>
2019-02-11 20:52:46 INFO (MainThread) [homeassistant.setup] Setting up frontend
2019-02-11 20:52:48 WARNING (Recorder) [homeassistant.components.recorder] Ended unfinished session (id=7 from 2019-02-11 16:50:23.945264)
2019-02-11 20:52:48 DEBUG (Recorder) [homeassistant.components.recorder] Connected to recorder database
2019-02-11 20:52:49 INFO (MainThread) [homeassistant.setup] Setup of domain recorder took 2.6 seconds.
2019-02-11 20:52:49 DEBUG (MainThread) [homeassistant.core] Bus:Handling <Event component_loaded[L]: component=recorder>
2019-02-11 20:52:49 INFO (MainThread) [homeassistant.setup] Setup of domain frontend took 2.5 seconds.
2019-02-11 20:52:49 DEBUG (MainThread) [homeassistant.core] Bus:Handling <Event component_loaded[L]: component=frontend>
2019-02-11 20:52:49 INFO (MainThread) [homeassistant.setup] Setting up history
2019-02-11 20:52:49 INFO (MainThread) [homeassistant.setup] Setup of domain history took 0.0 seconds.
2019-02-11 20:52:49 DEBUG (MainThread) [homeassistant.core] Bus:Handling <Event component_loaded[L]: component=history>
2019-02-11 20:52:49 INFO (MainThread) [homeassistant.loader] Loaded cloud from homeassistant.components.cloud
2019-02-11 20:52:49 INFO (MainThread) [homeassistant.loader] Loaded group from homeassistant.components.group
2019-02-11 20:52:49 INFO (MainThread) [homeassistant.setup] Setting up group
2019-02-11 20:52:49 DEBUG (MainThread) [homeassistant.core] Bus:Handling <Event service_registered[L]: domain=group, service=reload>
2019-02-11 20:52:49 DEBUG (MainThread) [homeassistant.core] Bus:Handling <Event service_registered[L]: domain=group, service=set>
2019-02-11 20:52:49 DEBUG (MainThread) [homeassistant.core] Bus:Handling <Event service_registered[L]: domain=group, service=remove>
2019-02-11 20:52:49 DEBUG (MainThread) [homeassistant.core] Bus:Handling <Event service_registered[L]: domain=group, service=set_visibility>
2019-02-11 20:52:49 INFO (MainThread) [homeassistant.setup] Setup of domain group took 0.0 seconds.
2019-02-11 20:52:49 DEBUG (MainThread) [homeassistant.core] Bus:Handling <Event component_loaded[L]: component=group>
2019-02-11 20:52:49 INFO (MainThread) [homeassistant.loader] Loaded conversation from homeassistant.components.conversation
2019-02-11 20:52:49 INFO (MainThread) [homeassistant.loader] Loaded tts from homeassistant.components.tts
2019-02-11 20:52:49 INFO (MainThread) [homeassistant.loader] Loaded tts.google from homeassistant.components.tts.google
2019-02-11 20:52:49 INFO (MainThread) [homeassistant.loader] Loaded logbook from homeassistant.components.logbook
2019-02-11 20:52:49 INFO (MainThread) [homeassistant.loader] Loaded sun from homeassistant.components.sun
2019-02-11 20:52:49 INFO (MainThread) [homeassistant.setup] Setting up sun
2019-02-11 20:52:49 INFO (MainThread) [homeassistant.setup] Setup of domain sun took 0.0 seconds.
2019-02-11 20:52:49 DEBUG (MainThread) [homeassistant.core] Bus:Handling <Event component_loaded[L]: component=sun>
2019-02-11 20:52:49 INFO (MainThread) [homeassistant.loader] Loaded map from homeassistant.components.map
2019-02-11 20:52:49 INFO (MainThread) [homeassistant.setup] Setting up map
2019-02-11 20:52:49 INFO (MainThread) [homeassistant.setup] Setup of domain map took 0.0 seconds.
2019-02-11 20:52:49 DEBUG (MainThread) [homeassistant.core] Bus:Handling <Event component_loaded[L]: component=map>
2019-02-11 20:52:49 INFO (MainThread) [homeassistant.loader] Loaded automation from homeassistant.components.automation
2019-02-11 20:52:49 INFO (MainThread) [homeassistant.loader] Loaded script from homeassistant.components.script
2019-02-11 20:52:49 INFO (MainThread) [homeassistant.loader] Loaded config from homeassistant.components.config
2019-02-11 20:52:49 INFO (MainThread) [homeassistant.loader] Loaded discovery from homeassistant.components.discovery
2019-02-11 20:52:49 INFO (MainThread) [homeassistant.setup] Setting up discovery
2019-02-11 20:52:49 INFO (MainThread) [homeassistant.setup] Setup of domain discovery took 0.1 seconds.
2019-02-11 20:52:49 DEBUG (MainThread) [homeassistant.core] Bus:Handling <Event component_loaded[L]: component=discovery>
2019-02-11 20:52:49 INFO (MainThread) [homeassistant.loader] Loaded updater from homeassistant.components.updater
2019-02-11 20:52:49 INFO (MainThread) [homeassistant.setup] Setting up updater
2019-02-11 20:52:49 DEBUG (MainThread) [homeassistant.core] Bus:Handling <Event state_changed[L]: entity_id=sun.sun, old_state=None, new_state=<state sun.sun=below_horizon; next_dawn=2019-02-12T06:05:07+00:00, next_dusk=2019-02-12T17:15:00+00:00, next_midnight=2019-02-11T23:40:05+00:00, next_noon=2019-02-12T11:40:04+00:00, next_rising=2019-02-12T06:37:01+00:00, next_setting=2019-02-12T16:43:06+00:00, elevation=-32.25, azimuth=285.9, friendly_name=Sun @ 2019-02-11T20:52:49.599122+01:00>>
2019-02-11 20:52:49 INFO (MainThread) [homeassistant.setup] Setting up cloud
2019-02-11 20:52:49 INFO (MainThread) [homeassistant.setup] Setup of domain cloud took 0.0 seconds.
2019-02-11 20:52:49 DEBUG (MainThread) [homeassistant.core] Bus:Handling <Event component_loaded[L]: component=cloud>
2019-02-11 20:52:49 INFO (MainThread) [homeassistant.setup] Setting up conversation
2019-02-11 20:52:49 DEBUG (MainThread) [homeassistant.core] Bus:Handling <Event service_registered[L]: domain=conversation, service=process>
2019-02-11 20:52:49 INFO (MainThread) [homeassistant.setup] Setup of domain conversation took 0.0 seconds.
2019-02-11 20:52:49 DEBUG (MainThread) [homeassistant.core] Bus:Handling <Event component_loaded[L]: component=conversation>
2019-02-11 20:52:49 INFO (MainThread) [homeassistant.setup] Setting up tts
2019-02-11 20:52:49 INFO (MainThread) [homeassistant.setup] Setting up logbook
2019-02-11 20:52:49 DEBUG (MainThread) [homeassistant.core] Bus:Handling <Event service_registered[L]: domain=logbook, service=log>
2019-02-11 20:52:49 INFO (MainThread) [homeassistant.setup] Setup of domain logbook took 0.0 seconds.
2019-02-11 20:52:49 DEBUG (MainThread) [homeassistant.core] Bus:Handling <Event component_loaded[L]: component=logbook>
2019-02-11 20:52:49 INFO (MainThread) [homeassistant.setup] Setup of domain updater took 0.1 seconds.
2019-02-11 20:52:49 DEBUG (MainThread) [homeassistant.core] Bus:Handling <Event component_loaded[L]: component=updater>
2019-02-11 20:52:49 INFO (MainThread) [homeassistant.setup] Setting up automation
2019-02-11 20:52:49 DEBUG (MainThread) [homeassistant.core] Bus:Handling <Event service_registered[L]: domain=automation, service=trigger>
2019-02-11 20:52:49 DEBUG (MainThread) [homeassistant.core] Bus:Handling <Event service_registered[L]: domain=automation, service=reload>
2019-02-11 20:52:49 DEBUG (MainThread) [homeassistant.core] Bus:Handling <Event service_registered[L]: domain=automation, service=toggle>
2019-02-11 20:52:49 DEBUG (MainThread) [homeassistant.core] Bus:Handling <Event service_registered[L]: domain=automation, service=turn_on>
2019-02-11 20:52:49 DEBUG (MainThread) [homeassistant.core] Bus:Handling <Event service_registered[L]: domain=automation, service=turn_off>
2019-02-11 20:52:49 INFO (MainThread) [homeassistant.setup] Setup of domain automation took 0.0 seconds.
2019-02-11 20:52:49 DEBUG (MainThread) [homeassistant.core] Bus:Handling <Event component_loaded[L]: component=automation>
2019-02-11 20:52:49 INFO (MainThread) [homeassistant.setup] Setting up script
2019-02-11 20:52:49 DEBUG (MainThread) [homeassistant.core] Bus:Handling <Event service_registered[L]: domain=script, service=reload>
2019-02-11 20:52:49 DEBUG (MainThread) [homeassistant.core] Bus:Handling <Event service_registered[L]: domain=script, service=turn_on>
2019-02-11 20:52:49 DEBUG (MainThread) [homeassistant.core] Bus:Handling <Event service_registered[L]: domain=script, service=turn_off>
2019-02-11 20:52:49 DEBUG (MainThread) [homeassistant.core] Bus:Handling <Event service_registered[L]: domain=script, service=toggle>
2019-02-11 20:52:49 INFO (MainThread) [homeassistant.setup] Setup of domain script took 0.0 seconds.
2019-02-11 20:52:49 DEBUG (MainThread) [homeassistant.core] Bus:Handling <Event component_loaded[L]: component=script>
2019-02-11 20:52:49 INFO (MainThread) [homeassistant.setup] Setting up config
2019-02-11 20:52:49 INFO (MainThread) [homeassistant.loader] Loaded config.auth from homeassistant.components.config.auth
2019-02-11 20:52:49 DEBUG (MainThread) [homeassistant.core] Bus:Handling <Event component_loaded[L]: component=config.auth>
2019-02-11 20:52:49 INFO (MainThread) [homeassistant.loader] Loaded config.customize from homeassistant.components.config.customize
2019-02-11 20:52:49 DEBUG (MainThread) [homeassistant.core] Bus:Handling <Event component_loaded[L]: component=config.customize>
2019-02-11 20:52:49 INFO (MainThread) [homeassistant.loader] Loaded config.device_registry from homeassistant.components.config.device_registry
2019-02-11 20:52:49 INFO (MainThread) [homeassistant.loader] Loaded config.entity_registry from homeassistant.components.config.entity_registry
2019-02-11 20:52:49 INFO (MainThread) [homeassistant.loader] Loaded config.config_entries from homeassistant.components.config.config_entries
2019-02-11 20:52:49 DEBUG (MainThread) [homeassistant.core] Bus:Handling <Event component_loaded[L]: component=config.config_entries>
2019-02-11 20:52:49 INFO (MainThread) [homeassistant.loader] Loaded config.group from homeassistant.components.config.group
2019-02-11 20:52:49 DEBUG (MainThread) [homeassistant.core] Bus:Handling <Event component_loaded[L]: component=config.group>
2019-02-11 20:52:49 INFO (MainThread) [homeassistant.loader] Loaded config.core from homeassistant.components.config.core
2019-02-11 20:52:49 DEBUG (MainThread) [homeassistant.core] Bus:Handling <Event component_loaded[L]: component=config.core>
2019-02-11 20:52:49 INFO (MainThread) [homeassistant.loader] Loaded config.hassbian from homeassistant.components.config.hassbian
2019-02-11 20:52:49 INFO (MainThread) [homeassistant.loader] Loaded config.automation from homeassistant.components.config.automation
2019-02-11 20:52:49 DEBUG (MainThread) [homeassistant.core] Bus:Handling <Event component_loaded[L]: component=config.automation>
2019-02-11 20:52:49 INFO (MainThread) [homeassistant.loader] Loaded config.script from homeassistant.components.config.script
2019-02-11 20:52:49 DEBUG (MainThread) [homeassistant.core] Bus:Handling <Event component_loaded[L]: component=config.script>
2019-02-11 20:52:49 INFO (MainThread) [homeassistant.loader] Loaded config.auth_provider_homeassistant from homeassistant.components.config.auth_provider_homeassistant
2019-02-11 20:52:49 DEBUG (MainThread) [homeassistant.core] Bus:Handling <Event component_loaded[L]: component=config.auth_provider_homeassistant>
2019-02-11 20:52:49 DEBUG (MainThread) [homeassistant.core] Bus:Handling <Event component_loaded[L]: component=config.device_registry>
2019-02-11 20:52:49 DEBUG (MainThread) [homeassistant.core] Bus:Handling <Event component_loaded[L]: component=config.entity_registry>
2019-02-11 20:52:49 INFO (MainThread) [homeassistant.setup] Setup of domain config took 0.1 seconds.
2019-02-11 20:52:49 DEBUG (MainThread) [homeassistant.core] Bus:Handling <Event component_loaded[L]: component=config>
2019-02-11 20:52:49 DEBUG (MainThread) [homeassistant.core] Bus:Handling <Event service_registered[L]: domain=tts, service=google_say>
2019-02-11 20:52:49 DEBUG (MainThread) [homeassistant.core] Bus:Handling <Event service_registered[L]: domain=tts, service=clear_cache>
2019-02-11 20:52:49 INFO (MainThread) [homeassistant.setup] Setup of domain tts took 0.1 seconds.
2019-02-11 20:52:49 DEBUG (MainThread) [homeassistant.core] Bus:Handling <Event component_loaded[L]: component=tts>
2019-02-11 20:52:49 INFO (MainThread) [homeassistant.bootstrap] Home Assistant initialized in 4.35s
2019-02-11 20:52:49 INFO (MainThread) [homeassistant.core] Starting Home Assistant
2019-02-11 20:52:49 DEBUG (MainThread) [homeassistant.core] Bus:Handling <Event homeassistant_start[L]>
2019-02-11 20:52:49 INFO (MainThread) [homeassistant.core] Timer:starting
2019-02-11 20:52:49 DEBUG (SyncWorker_4) [homeassistant.util.json] JSON file not found: /config/.storage/cloud
2019-02-11 20:53:30 DEBUG (MainThread) [homeassistant.core] Bus:Handling <Event state_changed[L]: entity_id=sun.sun, old_state=<state sun.sun=below_horizon; next_dawn=2019-02-12T06:05:07+00:00, next_dusk=2019-02-12T17:15:00+00:00, next_midnight=2019-02-11T23:40:05+00:00, next_noon=2019-02-12T11:40:04+00:00, next_rising=2019-02-12T06:37:01+00:00, next_setting=2019-02-12T16:43:06+00:00, elevation=-32.25, azimuth=285.9, friendly_name=Sun @ 2019-02-11T20:52:49.599122+01:00>, new_state=<state sun.sun=below_horizon; next_dawn=2019-02-12T06:05:07+00:00, next_dusk=2019-02-12T17:15:00+00:00, next_midnight=2019-02-11T23:40:05+00:00, next_noon=2019-02-12T11:40:04+00:00, next_rising=2019-02-12T06:37:01+00:00, next_setting=2019-02-12T16:43:06+00:00, elevation=-32.36, azimuth=286.05, friendly_name=Sun @ 2019-02-11T20:52:49.599122+01:00>>
2019-02-11 20:54:30 DEBUG (MainThread) [homeassistant.core] Bus:Handling <Event state_changed[L]: entity_id=sun.sun, old_state=<state sun.sun=below_horizon; next_dawn=2019-02-12T06:05:07+00:00, next_dusk=2019-02-12T17:15:00+00:00, next_midnight=2019-02-11T23:40:05+00:00, next_noon=2019-02-12T11:40:04+00:00, next_rising=2019-02-12T06:37:01+00:00, next_setting=2019-02-12T16:43:06+00:00, elevation=-32.36, azimuth=286.05, friendly_name=Sun @ 2019-02-11T20:52:49.599122+01:00>, new_state=<state sun.sun=below_horizon; next_dawn=2019-02-12T06:05:07+00:00, next_dusk=2019-02-12T17:15:00+00:00, next_midnight=2019-02-11T23:40:05+00:00, next_noon=2019-02-12T11:40:04+00:00, next_rising=2019-02-12T06:37:01+00:00, next_setting=2019-02-12T16:43:06+00:00, elevation=-32.52, azimuth=286.26, friendly_name=Sun @ 2019-02-11T20:52:49.599122+01:00>>
2019-02-11 20:55:30 DEBUG (MainThread) [homeassistant.core] Bus:Handling <Event state_changed[L]: entity_id=sun.sun, old_state=<state sun.sun=below_horizon; next_dawn=2019-02-12T06:05:07+00:00, next_dusk=2019-02-12T17:15:00+00:00, next_midnight=2019-02-11T23:40:05+00:00, next_noon=2019-02-12T11:40:04+00:00, next_rising=2019-02-12T06:37:01+00:00, next_setting=2019-02-12T16:43:06+00:00, elevation=-32.52, azimuth=286.26, friendly_name=Sun @ 2019-02-11T20:52:49.599122+01:00>, new_state=<state sun.sun=below_horizon; next_dawn=2019-02-12T06:05:07+00:00, next_dusk=2019-02-12T17:15:00+00:00, next_midnight=2019-02-11T23:40:05+00:00, next_noon=2019-02-12T11:40:04+00:00, next_rising=2019-02-12T06:37:01+00:00, next_setting=2019-02-12T16:43:06+00:00, elevation=-32.69, azimuth=286.48, friendly_name=Sun @ 2019-02-11T20:52:49.599122+01:00>>
2019-02-11 20:56:30 DEBUG (MainThread) [homeassistant.core] Bus:Handling <Event state_changed[L]: entity_id=sun.sun, old_state=<state sun.sun=below_horizon; next_dawn=2019-02-12T06:05:07+00:00, next_dusk=2019-02-12T17:15:00+00:00, next_midnight=2019-02-11T23:40:05+00:00, next_noon=2019-02-12T11:40:04+00:00, next_rising=2019-02-12T06:37:01+00:00, next_setting=2019-02-12T16:43:06+00:00, elevation=-32.69, azimuth=286.48, friendly_name=Sun @ 2019-02-11T20:52:49.599122+01:00>, new_state=<state sun.sun=below_horizon; next_dawn=2019-02-12T06:05:07+00:00, next_dusk=2019-02-12T17:15:00+00:00, next_midnight=2019-02-11T23:40:05+00:00, next_noon=2019-02-12T11:40:04+00:00, next_rising=2019-02-12T06:37:01+00:00, next_setting=2019-02-12T16:43:06+00:00, elevation=-32.85, azimuth=286.69, friendly_name=Sun @ 2019-02-11T20:52:49.599122+01:00>>
2019-02-11 20:57:30 DEBUG (MainThread) [homeassistant.core] Bus:Handling <Event state_changed[L]: entity_id=sun.sun, old_state=<state sun.sun=below_horizon; next_dawn=2019-02-12T06:05:07+00:00, next_dusk=2019-02-12T17:15:00+00:00, next_midnight=2019-02-11T23:40:05+00:00, next_noon=2019-02-12T11:40:04+00:00, next_rising=2019-02-12T06:37:01+00:00, next_setting=2019-02-12T16:43:06+00:00, elevation=-32.85, azimuth=286.69, friendly_name=Sun @ 2019-02-11T20:52:49.599122+01:00>, new_state=<state sun.sun=below_horizon; next_dawn=2019-02-12T06:05:07+00:00, next_dusk=2019-02-12T17:15:00+00:00, next_midnight=2019-02-11T23:40:05+00:00, next_noon=2019-02-12T11:40:04+00:00, next_rising=2019-02-12T06:37:01+00:00, next_setting=2019-02-12T16:43:06+00:00, elevation=-33.01, azimuth=286.91, friendly_name=Sun @ 2019-02-11T20:52:49.599122+01:00>>
2019-02-11 20:57:37 DEBUG (MainThread) [homeassistant.core] Bus:Handling <Event homeassistant_stop[L]>
2019-02-11 20:57:37 DEBUG (MainThread) [homeassistant.core] Bus:Handling <Event homeassistant_close[L]>
